<?xml version="1.0" encoding="UTF-8"?>
<!-- Generated by org.testng.reporters.JUnitReportReporter -->
<testsuite hostname="LAPTOP-SKGMORFE" failures="0" tests="1" name="com.vTiger.crm.organization.CreateOrganizationTest" time="11.871" errors="0" timestamp="2026-09-17T21:57:39 IST" skipped="0">
  <testcase classname="com.vTiger.crm.organization.CreateOrganizationTest" name="createOrg" time="11.871"/>
  <system-out>
    <![CDATA[Login done]]>
  </system-out>
</testsuite> <!-- com.vTiger.crm.organization.CreateOrganizationTest -->
