<?xml version="1.0" encoding="UTF-8"?>
<!-- Generated by org.testng.reporters.JUnitReportReporter -->
<testsuite hostname="LAPTOP-SKGMORFE" failures="0" tests="2" name="com.comcast.crm.contacts.CraeteContactTest" time="12.019" errors="0" timestamp="2026-09-18T13:14:49 IST" skipped="0">
  <testcase classname="com.comcast.crm.contacts.CraeteContactTest" name="createContactWithSupportDate" time="6.947"/>
  <testcase classname="com.comcast.crm.contacts.CraeteContactTest" name="createContactwithName" time="5.072"/>
  <system-out>
    <![CDATA[Login done
Login done]]>
  </system-out>
</testsuite> <!-- com.comcast.crm.contacts.CraeteContactTest -->
