<?xml version="1.0" encoding="UTF-8"?>
<!-- Generated by org.testng.reporters.JUnitReportReporter -->
<testsuite hostname="LAPTOP-SKGMORFE" failures="0" tests="1" name="com.comcast.crm.contacts.CreateContactWithSupportDate" time="8.848" errors="0" timestamp="2026-09-10T17:42:05 IST" skipped="0">
  <testcase classname="com.comcast.crm.contacts.CreateContactWithSupportDate" name="createContactWithSupportDate" time="8.848"/>
</testsuite> <!-- com.comcast.crm.contacts.CreateContactWithSupportDate -->
