<?xml version="1.0" encoding="UTF-8"?>
<!-- Generated by org.testng.reporters.JUnitXMLReporter -->
<testsuite ignored="2" hostname="LAPTOP-SKGMORFE" failures="0" tests="1" name="Test" time="9.788" errors="0" timestamp="2026-09-17T15:32:36 IST">
  <testcase classname="com.vTiger.crm.organization.CreateOrganizationTest" name="createOrg" time="6.868"/>
  <testcase classname="com.vTiger.crm.organization.CreateOrganizationTest" name="createOrgWithPhone" time="0.0">
    <ignored/>
  </testcase> <!-- createOrgWithPhone -->
  <testcase classname="com.vTiger.crm.organization.CreateOrganizationTest" name="createOrgWithIndustry" time="0.0">
    <ignored/>
  </testcase> <!-- createOrgWithIndustry -->
</testsuite> <!-- Test -->
