<?xml version="1.0" encoding="UTF-8"?>
<!-- Generated by org.testng.reporters.JUnitXMLReporter -->
<testsuite ignored="0" hostname="LAPTOP-SKGMORFE" failures="0" tests="3" name="Thread2" time="21.202" errors="0" timestamp="2026-09-10T12:07:21 IST">
  <testcase classname="com.vTiger.crm.organization.CreateOrganizationTest" name="createOrg" time="7.295"/>
  <testcase classname="com.vTiger.crm.organization.CreateOrganizationTest" name="createOrgWithIndustry" time="4.005"/>
  <testcase classname="com.vTiger.crm.organization.CreateOrganizationTest" name="createOrgWithPhone" time="4.477"/>
</testsuite> <!-- Thread2 -->
