<?xml version="1.0" encoding="UTF-8"?>
<!-- Generated by org.testng.reporters.JUnitXMLReporter -->
<testsuite ignored="0" hostname="LAPTOP-SKGMORFE" failures="0" tests="2" name="Thread1" time="13.358" errors="0" timestamp="2026-09-10T12:07:13 IST">
  <testcase classname="com.comcast.crm.contacts.CraeteContactTest" name="createContactWithSupportDate" time="6.332"/>
  <testcase classname="com.comcast.crm.contacts.CraeteContactTest" name="createOrgwithName" time="2.592"/>
</testsuite> <!-- Thread1 -->
