<?xml version="1.0" encoding="UTF-8"?>
<!-- Generated by org.testng.reporters.JUnitXMLReporter -->
<testsuite ignored="0" hostname="LAPTOP-SKGMORFE" failures="0" tests="2" name="Default test" time="14.052" errors="0" timestamp="2026-09-18T13:14:49 IST">
  <testcase classname="com.comcast.crm.contacts.CraeteContactTest" name="createContactWithSupportDate" time="5.545"/>
  <testcase classname="com.comcast.crm.contacts.CraeteContactTest" name="createContactwithName" time="3.693"/>
</testsuite> <!-- Default test -->
