<?xml version="1.0" encoding="UTF-8"?>
<testng-results ignored="0" total="2" passed="2" failed="0" skipped="0">
  <reporter-output>
    <line>
      <![CDATA[Login done]]>
    </line>
    <line>
      <![CDATA[Login done]]>
    </line>
  </reporter-output>
  <suite started-at="2026-09-18T13:14:35 IST" name="Default suite" finished-at="2026-09-18T13:14:49 IST" duration-ms="14052">
    <groups>
      <group name="ST">
        <method signature="CraeteContactTest.createContactwithName()[pri:0, instance:com.comcast.crm.contacts.CraeteContactTest@2f4948e4]" name="createContactwithName" class="com.comcast.crm.contacts.CraeteContactTest"/>
      </group> <!-- ST -->
      <group name="RT">
        <method signature="CraeteContactTest.createContactWithSupportDate()[pri:0, instance:com.comcast.crm.contacts.CraeteContactTest@2f4948e4]" name="createContactWithSupportDate" class="com.comcast.crm.contacts.CraeteContactTest"/>
      </group> <!-- RT -->
    </groups>
    <test started-at="2026-09-18T13:14:35 IST" name="Default test" finished-at="2026-09-18T13:14:49 IST" duration-ms="14052">
      <class name="com.comcast.crm.contacts.CraeteContactTest">
        <test-method is-config="true" signature="configBS()[pri:0, instance:com.comcast.crm.contacts.CraeteContactTest@2f4948e4]" started-at="2026-09-18T13:14:35 IST" name="configBS" finished-at="2026-09-18T13:14:35 IST" duration-ms="9" status="PASS">
          <reporter-output>
          </reporter-output>
        </test-method> <!-- configBS -->
        <test-method is-config="true" signature="configBC()[pri:0, instance:com.comcast.crm.contacts.CraeteContactTest@2f4948e4]" started-at="2026-09-18T13:14:35 IST" name="configBC" finished-at="2026-09-18T13:14:36 IST" duration-ms="1730" status="PASS">
          <reporter-output>
          </reporter-output>
        </test-method> <!-- configBC -->
        <test-method is-config="true" signature="configBM()[pri:0, instance:com.comcast.crm.contacts.CraeteContactTest@2f4948e4]" started-at="2026-09-18T13:14:36 IST" name="configBM" finished-at="2026-09-18T13:14:37 IST" duration-ms="582" status="PASS">
          <reporter-output>
            <line>
              <![CDATA[Login done]]>
            </line>
          </reporter-output>
        </test-method> <!-- configBM -->
        <test-method signature="createContactWithSupportDate()[pri:0, instance:com.comcast.crm.contacts.CraeteContactTest@2f4948e4]" started-at="2026-09-18T13:14:37 IST" name="createContactWithSupportDate" finished-at="2026-09-18T13:14:43 IST" duration-ms="5545" status="PASS">
          <reporter-output>
          </reporter-output>
        </test-method> <!-- createContactWithSupportDate -->
        <test-method is-config="true" signature="configAM()[pri:0, instance:com.comcast.crm.contacts.CraeteContactTest@2f4948e4]" started-at="2026-09-18T13:14:43 IST" name="configAM" finished-at="2026-09-18T13:14:43 IST" duration-ms="926" status="PASS">
          <reporter-output>
          </reporter-output>
        </test-method> <!-- configAM -->
        <test-method is-config="true" signature="configBM()[pri:0, instance:com.comcast.crm.contacts.CraeteContactTest@2f4948e4]" started-at="2026-09-18T13:14:43 IST" name="configBM" finished-at="2026-09-18T13:14:44 IST" duration-ms="453" status="PASS">
          <reporter-output>
            <line>
              <![CDATA[Login done]]>
            </line>
          </reporter-output>
        </test-method> <!-- configBM -->
        <test-method signature="createContactwithName()[pri:0, instance:com.comcast.crm.contacts.CraeteContactTest@2f4948e4]" started-at="2026-09-18T13:14:44 IST" name="createContactwithName" finished-at="2026-09-18T13:14:48 IST" duration-ms="3693" status="PASS">
          <reporter-output>
          </reporter-output>
        </test-method> <!-- createContactwithName -->
        <test-method is-config="true" signature="configAM()[pri:0, instance:com.comcast.crm.contacts.CraeteContactTest@2f4948e4]" started-at="2026-09-18T13:14:48 IST" name="configAM" finished-at="2026-09-18T13:14:48 IST" duration-ms="820" status="PASS">
          <reporter-output>
          </reporter-output>
        </test-method> <!-- configAM -->
        <test-method is-config="true" signature="configAC()[pri:0, instance:com.comcast.crm.contacts.CraeteContactTest@2f4948e4]" started-at="2026-09-18T13:14:48 IST" name="configAC" finished-at="2026-09-18T13:14:49 IST" duration-ms="253" status="PASS">
          <reporter-output>
          </reporter-output>
        </test-method> <!-- configAC -->
        <test-method is-config="true" signature="configAS()[pri:0, instance:com.comcast.crm.contacts.CraeteContactTest@2f4948e4]" started-at="2026-09-18T13:14:49 IST" name="configAS" finished-at="2026-09-18T13:14:49 IST" duration-ms="1" status="PASS">
          <reporter-output>
          </reporter-output>
        </test-method> <!-- configAS -->
      </class> <!-- com.comcast.crm.contacts.CraeteContactTest -->
    </test> <!-- Default test -->
  </suite> <!-- Default suite -->
</testng-results>
